<?xml version="1.0" encoding="UTF-8"?>
<robot generator="Robot 3.1.2 (Python 3.8.0 on win32)" generated="20191021 08:09:08.239" rpa="false">
<suite id="s1" name="TestCases" source="C:\Users\geefu\PycharmProjects\Automation\TestCases">
<suite id="s1-s1" name="Login TC" source="C:\Users\geefu\PycharmProjects\Automation\TestCases\Login_TC">
<kw name="Before Each Test Suite" type="setup">
<kw name="Log" library="BuiltIn">
<doc>Logs the given message with the given level.</doc>
<arguments>
<arg>Test Suite Started</arg>
</arguments>
<msg timestamp="20191021 08:09:08.313" level="INFO">Test Suite Started</msg>
<status status="PASS" starttime="20191021 08:09:08.313" endtime="20191021 08:09:08.314"></status>
</kw>
<status status="PASS" starttime="20191021 08:09:08.312" endtime="20191021 08:09:08.314"></status>
</kw>
<suite id="s1-s1-s1" name="Test Case 01" source="C:\Users\geefu\PycharmProjects\Automation\TestCases\Login_TC\Test_Case_01.robot">
<kw name="Before Each Test Suite" library="Resources1" type="setup">
<kw name="Log" library="BuiltIn">
<doc>Logs the given message with the given level.</doc>
<arguments>
<arg>Before Each Test Suite</arg>
</arguments>
<msg timestamp="20191021 08:09:08.614" level="INFO">Before Each Test Suite</msg>
<status status="PASS" starttime="20191021 08:09:08.614" endtime="20191021 08:09:08.614"></status>
</kw>
<status status="PASS" starttime="20191021 08:09:08.613" endtime="20191021 08:09:08.614"></status>
</kw>
<test id="s1-s1-s1-t1" name="Robot Set up Tear down example">
<kw name="Start Browser and Maximize" library="Resources1" type="setup">
<doc>This keyword is to start browser and maximize browser</doc>
<arguments>
<arg>${URL}</arg>
<arg>${Browser}</arg>
</arguments>
<kw name="Open Browser" library="SeleniumLibrary">
<doc>Opens a new browser instance to the given ``url``.</doc>
<arguments>
<arg>${userURL}</arg>
<arg>${InputBrowser}</arg>
</arguments>
<msg timestamp="20191021 08:09:08.617" level="INFO">Opening browser 'Chrome' to base url 'http://www.thetestingworld.com/testings'.</msg>
<status status="PASS" starttime="20191021 08:09:08.616" endtime="20191021 08:09:16.114"></status>
</kw>
<kw name="Maximize Browser Window" library="SeleniumLibrary">
<doc>Maximizes current browser window.</doc>
<status status="PASS" starttime="20191021 08:09:16.114" endtime="20191021 08:09:20.244"></status>
</kw>
<kw name="Get Title" library="SeleniumLibrary">
<doc>Returns the title of the current page.</doc>
<assign>
<var>${Title}</var>
</assign>
<msg timestamp="20191021 08:09:20.253" level="INFO">${Title} = Login &amp; Sign Up Forms</msg>
<status status="PASS" starttime="20191021 08:09:20.245" endtime="20191021 08:09:20.253"></status>
</kw>
<kw name="Log" library="BuiltIn">
<doc>Logs the given message with the given level.</doc>
<arguments>
<arg>${Title}</arg>
</arguments>
<msg timestamp="20191021 08:09:20.254" level="INFO">Login &amp; Sign Up Forms</msg>
<status status="PASS" starttime="20191021 08:09:20.253" endtime="20191021 08:09:20.254"></status>
</kw>
<status status="PASS" starttime="20191021 08:09:08.615" endtime="20191021 08:09:20.255"></status>
</kw>
<kw name="Input Text" library="SeleniumLibrary">
<doc>Types the given ``text`` into the text field identified by ``locator``.</doc>
<arguments>
<arg>name:fld_username</arg>
<arg>Testing</arg>
</arguments>
<msg timestamp="20191021 08:09:20.256" level="INFO">Typing text 'Testing' into text field 'name:fld_username'.</msg>
<status status="PASS" starttime="20191021 08:09:20.256" endtime="20191021 08:09:20.405"></status>
</kw>
<kw name="Input Text" library="SeleniumLibrary">
<doc>Types the given ``text`` into the text field identified by ``locator``.</doc>
<arguments>
<arg>name:fld_email</arg>
<arg>geefung@gmail.com</arg>
</arguments>
<msg timestamp="20191021 08:09:20.406" level="INFO">Typing text 'geefung@gmail.com' into text field 'name:fld_email'.</msg>
<status status="PASS" starttime="20191021 08:09:20.405" endtime="20191021 08:09:20.583"></status>
</kw>
<kw name="Input Text" library="SeleniumLibrary">
<doc>Types the given ``text`` into the text field identified by ``locator``.</doc>
<arguments>
<arg>name:fld_password</arg>
<arg>elements</arg>
</arguments>
<msg timestamp="20191021 08:09:20.584" level="INFO">Typing text 'elements' into text field 'name:fld_password'.</msg>
<status status="PASS" starttime="20191021 08:09:20.583" endtime="20191021 08:09:20.704"></status>
</kw>
<kw name="Close Browser Window" library="Resources1" type="teardown">
<kw name="Get Title" library="SeleniumLibrary">
<doc>Returns the title of the current page.</doc>
<assign>
<var>${Title}</var>
</assign>
<msg timestamp="20191021 08:09:20.711" level="INFO">${Title} = Login &amp; Sign Up Forms</msg>
<status status="PASS" starttime="20191021 08:09:20.705" endtime="20191021 08:09:20.711"></status>
</kw>
<kw name="Log" library="BuiltIn">
<doc>Logs the given message with the given level.</doc>
<arguments>
<arg>${Title}</arg>
</arguments>
<msg timestamp="20191021 08:09:20.711" level="INFO">Login &amp; Sign Up Forms</msg>
<status status="PASS" starttime="20191021 08:09:20.711" endtime="20191021 08:09:20.711"></status>
</kw>
<kw name="Close Browser" library="SeleniumLibrary">
<doc>Closes the current browser.</doc>
<status status="PASS" starttime="20191021 08:09:20.712" endtime="20191021 08:09:22.960"></status>
</kw>
<status status="PASS" starttime="20191021 08:09:20.704" endtime="20191021 08:09:22.960"></status>
</kw>
<tags>
<tag>ALL_TC</tag>
<tag>Sanity</tag>
<tag>Smoke</tag>
</tags>
<timeout value="3 minutes"></timeout>
<status status="PASS" starttime="20191021 08:09:08.614" endtime="20191021 08:09:22.961" critical="yes"></status>
</test>
<test id="s1-s1-s1-t2" name="Robot Set up Tear down example Two">
<kw name="Start Browser and Maximize" library="Resources1" type="setup">
<doc>This keyword is to start browser and maximize browser</doc>
<arguments>
<arg>${URL}</arg>
<arg>${Browser}</arg>
</arguments>
<kw name="Open Browser" library="SeleniumLibrary">
<doc>Opens a new browser instance to the given ``url``.</doc>
<arguments>
<arg>${userURL}</arg>
<arg>${InputBrowser}</arg>
</arguments>
<msg timestamp="20191021 08:09:22.964" level="INFO">Opening browser 'Chrome' to base url 'http://www.thetestingworld.com/testings'.</msg>
<status status="PASS" starttime="20191021 08:09:22.963" endtime="20191021 08:09:30.118"></status>
</kw>
<kw name="Maximize Browser Window" library="SeleniumLibrary">
<doc>Maximizes current browser window.</doc>
<status status="PASS" starttime="20191021 08:09:30.118" endtime="20191021 08:09:34.254"></status>
</kw>
<kw name="Get Title" library="SeleniumLibrary">
<doc>Returns the title of the current page.</doc>
<assign>
<var>${Title}</var>
</assign>
<msg timestamp="20191021 08:09:34.263" level="INFO">${Title} = Login &amp; Sign Up Forms</msg>
<status status="PASS" starttime="20191021 08:09:34.255" endtime="20191021 08:09:34.263"></status>
</kw>
<kw name="Log" library="BuiltIn">
<doc>Logs the given message with the given level.</doc>
<arguments>
<arg>${Title}</arg>
</arguments>
<msg timestamp="20191021 08:09:34.265" level="INFO">Login &amp; Sign Up Forms</msg>
<status status="PASS" starttime="20191021 08:09:34.264" endtime="20191021 08:09:34.265"></status>
</kw>
<status status="PASS" starttime="20191021 08:09:22.963" endtime="20191021 08:09:34.265"></status>
</kw>
<kw name="Input Text" library="SeleniumLibrary">
<doc>Types the given ``text`` into the text field identified by ``locator``.</doc>
<arguments>
<arg>name:fld_username</arg>
<arg>Testing</arg>
</arguments>
<msg timestamp="20191021 08:09:34.266" level="INFO">Typing text 'Testing' into text field 'name:fld_username'.</msg>
<status status="PASS" starttime="20191021 08:09:34.266" endtime="20191021 08:09:34.412"></status>
</kw>
<kw name="Input Text" library="SeleniumLibrary">
<doc>Types the given ``text`` into the text field identified by ``locator``.</doc>
<arguments>
<arg>name:fld_email</arg>
<arg>geefung@gmail.com</arg>
</arguments>
<msg timestamp="20191021 08:09:34.413" level="INFO">Typing text 'geefung@gmail.com' into text field 'name:fld_email'.</msg>
<status status="PASS" starttime="20191021 08:09:34.413" endtime="20191021 08:09:34.599"></status>
</kw>
<kw name="Input Text" library="SeleniumLibrary">
<doc>Types the given ``text`` into the text field identified by ``locator``.</doc>
<arguments>
<arg>name:fld_password</arg>
<arg>elements</arg>
</arguments>
<msg timestamp="20191021 08:09:34.601" level="INFO">Typing text 'elements' into text field 'name:fld_password'.</msg>
<status status="PASS" starttime="20191021 08:09:34.600" endtime="20191021 08:09:34.730"></status>
</kw>
<kw name="Close Browser Window" library="Resources1" type="teardown">
<kw name="Get Title" library="SeleniumLibrary">
<doc>Returns the title of the current page.</doc>
<assign>
<var>${Title}</var>
</assign>
<msg timestamp="20191021 08:09:34.735" level="INFO">${Title} = Login &amp; Sign Up Forms</msg>
<status status="PASS" starttime="20191021 08:09:34.731" endtime="20191021 08:09:34.735"></status>
</kw>
<kw name="Log" library="BuiltIn">
<doc>Logs the given message with the given level.</doc>
<arguments>
<arg>${Title}</arg>
</arguments>
<msg timestamp="20191021 08:09:34.736" level="INFO">Login &amp; Sign Up Forms</msg>
<status status="PASS" starttime="20191021 08:09:34.736" endtime="20191021 08:09:34.736"></status>
</kw>
<kw name="Close Browser" library="SeleniumLibrary">
<doc>Closes the current browser.</doc>
<status status="PASS" starttime="20191021 08:09:34.736" endtime="20191021 08:09:36.986"></status>
</kw>
<status status="PASS" starttime="20191021 08:09:34.730" endtime="20191021 08:09:36.986"></status>
</kw>
<tags>
<tag>ALL_TC</tag>
<tag>Sanity</tag>
<tag>Smoke</tag>
<tag>Testing</tag>
</tags>
<timeout value="3 minutes"></timeout>
<status status="PASS" starttime="20191021 08:09:22.962" endtime="20191021 08:09:36.987" critical="yes"></status>
</test>
<kw name="After Each Test Suite" library="Resources1" type="teardown">
<kw name="Log" library="BuiltIn">
<doc>Logs the given message with the given level.</doc>
<arguments>
<arg>After Each Test Suite</arg>
</arguments>
<msg timestamp="20191021 08:09:36.989" level="INFO">After Each Test Suite</msg>
<status status="PASS" starttime="20191021 08:09:36.989" endtime="20191021 08:09:36.989"></status>
</kw>
<status status="PASS" starttime="20191021 08:09:36.988" endtime="20191021 08:09:36.989"></status>
</kw>
<doc>This File contains Test Cases for Chrome Browser Test Cases</doc>
<status status="PASS" starttime="20191021 08:09:08.315" endtime="20191021 08:09:36.989"></status>
</suite>
<kw name="After Each Test Suite" type="teardown">
<kw name="Log" library="BuiltIn">
<doc>Logs the given message with the given level.</doc>
<arguments>
<arg>Test Suite Ended</arg>
</arguments>
<msg timestamp="20191021 08:09:36.994" level="INFO">Test Suite Ended</msg>
<status status="PASS" starttime="20191021 08:09:36.994" endtime="20191021 08:09:36.994"></status>
</kw>
<status status="PASS" starttime="20191021 08:09:36.993" endtime="20191021 08:09:36.994"></status>
</kw>
<status status="PASS" starttime="20191021 08:09:08.283" endtime="20191021 08:09:36.994"></status>
</suite>
<status status="PASS" starttime="20191021 08:09:08.242" endtime="20191021 08:09:36.997"></status>
</suite>
<statistics>
<total>
<stat pass="2" fail="0">Critical Tests</stat>
<stat pass="2" fail="0">All Tests</stat>
</total>
<tag>
<stat pass="2" fail="0">ALL_TC</stat>
<stat pass="2" fail="0">Sanity</stat>
<stat pass="2" fail="0">Smoke</stat>
<stat pass="1" fail="0">Testing</stat>
</tag>
<suite>
<stat pass="2" fail="0" id="s1" name="TestCases">TestCases</stat>
<stat pass="2" fail="0" id="s1-s1" name="Login TC">TestCases.Login TC</stat>
<stat pass="2" fail="0" id="s1-s1-s1" name="Test Case 01">TestCases.Login TC.Test Case 01</stat>
</suite>
</statistics>
<errors>
</errors>
</robot>
