<?xml version="1.0" encoding="UTF-8"?>
<robot generator="Robot 3.1.2 (Python 3.8.0 on win32)" generated="20191028 08:05:49.103" rpa="false">
<suite id="s1" name="Test Case 02" source="C:\Users\geefu\PycharmProjects\Automation\TestCases\Login_TC\Test_Case_02.robot">
<kw name="Before Each Test Suite" library="Resources1" type="setup">
<kw name="Log" library="BuiltIn">
<doc>Logs the given message with the given level.</doc>
<arguments>
<arg>Before Each Test Suite</arg>
</arguments>
<msg timestamp="20191028 08:05:50.627" level="INFO">Before Each Test Suite</msg>
<status status="PASS" starttime="20191028 08:05:50.627" endtime="20191028 08:05:50.627"></status>
</kw>
<status status="PASS" starttime="20191028 08:05:50.627" endtime="20191028 08:05:50.628"></status>
</kw>
<test id="s1-t1" name="TC_001">
<kw name="Open Browser" library="SeleniumLibrary">
<doc>Opens a new browser instance to the given ``url``.</doc>
<arguments>
<arg>https://thetestingworld.com/testings/</arg>
<arg>Chrome</arg>
</arguments>
<msg timestamp="20191028 08:05:50.629" level="INFO">Opening browser 'Chrome' to base url 'https://thetestingworld.com/testings/'.</msg>
<status status="PASS" starttime="20191028 08:05:50.629" endtime="20191028 08:05:58.147"></status>
</kw>
<kw name="Input Text" library="SeleniumLibrary">
<doc>Types the given ``text`` into the text field identified by ``locator``.</doc>
<arguments>
<arg>//input[@name="fld_username"]</arg>
<arg>testing</arg>
</arguments>
<msg timestamp="20191028 08:05:58.150" level="INFO">Typing text 'testing' into text field '//input[@name="fld_username"]'.</msg>
<status status="PASS" starttime="20191028 08:05:58.150" endtime="20191028 08:05:58.347"></status>
</kw>
<kw name="Input Text" library="SeleniumLibrary">
<doc>Types the given ``text`` into the text field identified by ``locator``.</doc>
<arguments>
<arg>//input[@name="fld_email"]</arg>
<arg>geefung@gmail.com</arg>
</arguments>
<msg timestamp="20191028 08:05:58.348" level="INFO">Typing text 'geefung@gmail.com' into text field '//input[@name="fld_email"]'.</msg>
<status status="PASS" starttime="20191028 08:05:58.348" endtime="20191028 08:05:58.547"></status>
</kw>
<kw name="Click Element" library="SeleniumLibrary">
<doc>Click the element identified by ``locator``.</doc>
<arguments>
<arg>//form[@name="register"]</arg>
</arguments>
<msg timestamp="20191028 08:05:58.548" level="INFO">Clicking element '//form[@name="register"]'.</msg>
<status status="PASS" starttime="20191028 08:05:58.547" endtime="20191028 08:05:58.622"></status>
</kw>
<kw name="Input Text" library="SeleniumLibrary">
<doc>Types the given ``text`` into the text field identified by ``locator``.</doc>
<arguments>
<arg>//input[@name="fld_password"]</arg>
<arg>***</arg>
</arguments>
<msg timestamp="20191028 08:05:58.629" level="INFO">Typing text '***' into text field '//input[@name="fld_password"]'.</msg>
<status status="PASS" starttime="20191028 08:05:58.628" endtime="20191028 08:05:58.745"></status>
</kw>
<kw name="Input Text" library="SeleniumLibrary">
<doc>Types the given ``text`` into the text field identified by ``locator``.</doc>
<arguments>
<arg>//input[@name="fld_cpassword"]</arg>
<arg>***</arg>
</arguments>
<msg timestamp="20191028 08:05:58.746" level="INFO">Typing text '***' into text field '//input[@name="fld_cpassword"]'.</msg>
<status status="PASS" starttime="20191028 08:05:58.745" endtime="20191028 08:05:58.849"></status>
</kw>
<status status="PASS" starttime="20191028 08:05:50.628" endtime="20191028 08:05:58.851" critical="yes"></status>
</test>
<kw name="After Each Test Suite" library="Resources1" type="teardown">
<kw name="Log" library="BuiltIn">
<doc>Logs the given message with the given level.</doc>
<arguments>
<arg>After Each Test Suite</arg>
</arguments>
<msg timestamp="20191028 08:05:58.853" level="INFO">After Each Test Suite</msg>
<status status="PASS" starttime="20191028 08:05:58.853" endtime="20191028 08:05:58.853"></status>
</kw>
<status status="PASS" starttime="20191028 08:05:58.853" endtime="20191028 08:05:58.853"></status>
</kw>
<status status="PASS" starttime="20191028 08:05:49.105" endtime="20191028 08:05:58.853"></status>
</suite>
<statistics>
<total>
<stat pass="1" fail="0">Critical Tests</stat>
<stat pass="1" fail="0">All Tests</stat>
</total>
<tag>
</tag>
<suite>
<stat pass="1" fail="0" id="s1" name="Test Case 02">Test Case 02</stat>
</suite>
</statistics>
<errors>
</errors>
</robot>
