<?xml version="1.0" encoding="UTF-8"?>
<robot generator="Robot 3.1.2 (Python 3.8.0 on win32)" generated="20191027 13:40:06.393" rpa="false">
<suite id="s1" name="BDD Format Test" source="C:\Users\geefu\PycharmProjects\Automation\TestCases\Fetching_Data\BDD_Format_Test.robot">
<test id="s1-t1" name="Test Case in BDD Format">
<kw name="Given Start Browser and Maximize" library="Resources1">
<doc>This keyword is to start browser and maximize browser</doc>
<arguments>
<arg>${URL}</arg>
<arg>${Browser}</arg>
</arguments>
<kw name="Open Browser" library="SeleniumLibrary">
<doc>Opens a new browser instance to the given ``url``.</doc>
<arguments>
<arg>${userURL}</arg>
<arg>${InputBrowser}</arg>
</arguments>
<msg timestamp="20191027 13:40:06.708" level="INFO">Opening browser 'Chrome' to base url 'http://www.thetestingworld/testings'.</msg>
<status status="PASS" starttime="20191027 13:40:06.708" endtime="20191027 13:40:15.736"></status>
</kw>
<kw name="Maximize Browser Window" library="SeleniumLibrary">
<doc>Maximizes current browser window.</doc>
<status status="PASS" starttime="20191027 13:40:15.737" endtime="20191027 13:40:19.879"></status>
</kw>
<kw name="Get Title" library="SeleniumLibrary">
<doc>Returns the title of the current page.</doc>
<assign>
<var>${Title}</var>
</assign>
<msg timestamp="20191027 13:40:19.885" level="INFO">${Title} = Search</msg>
<status status="PASS" starttime="20191027 13:40:19.879" endtime="20191027 13:40:19.885"></status>
</kw>
<kw name="Log" library="BuiltIn">
<doc>Logs the given message with the given level.</doc>
<arguments>
<arg>${Title}</arg>
</arguments>
<msg timestamp="20191027 13:40:19.885" level="INFO">Search</msg>
<status status="PASS" starttime="20191027 13:40:19.885" endtime="20191027 13:40:19.885"></status>
</kw>
<status status="PASS" starttime="20191027 13:40:06.707" endtime="20191027 13:40:19.885"></status>
</kw>
<kw name="When Create Folder at Runtime" library="Resources1">
<arguments>
<arg>ABCD</arg>
<arg>XYZM</arg>
</arguments>
<kw name="Createfolder" library="UserDefinedKeywords">
<arguments>
<arg>${foldername}</arg>
</arguments>
<status status="PASS" starttime="20191027 13:40:19.887" endtime="20191027 13:40:19.899"></status>
</kw>
<kw name="Createsubfolder" library="UserDefinedKeywords">
<arguments>
<arg>${subfoldername}</arg>
</arguments>
<status status="PASS" starttime="20191027 13:40:19.899" endtime="20191027 13:40:19.900"></status>
</kw>
<kw name="Log" library="BuiltIn">
<doc>Logs the given message with the given level.</doc>
<arguments>
<arg>"Task Done Successfully"</arg>
</arguments>
<msg timestamp="20191027 13:40:19.900" level="INFO">"Task Done Successfully"</msg>
<status status="PASS" starttime="20191027 13:40:19.900" endtime="20191027 13:40:19.900"></status>
</kw>
<status status="PASS" starttime="20191027 13:40:19.886" endtime="20191027 13:40:19.901"></status>
</kw>
<kw name="Then Concatenate Username And Password" library="Resources1">
<arguments>
<arg>Testing</arg>
<arg>World</arg>
</arguments>
<kw name="Concatenate Two Values" library="UserDefinedKeywords">
<arguments>
<arg>${username}</arg>
<arg>${password}</arg>
</arguments>
<assign>
<var>${resultval}</var>
</assign>
<msg timestamp="20191027 13:40:19.902" level="INFO">${resultval} = Testing World</msg>
<status status="PASS" starttime="20191027 13:40:19.902" endtime="20191027 13:40:19.902"></status>
</kw>
<kw name="Log" library="BuiltIn">
<doc>Logs the given message with the given level.</doc>
<arguments>
<arg>${resultval}</arg>
</arguments>
<msg timestamp="20191027 13:40:19.902" level="INFO">Testing World</msg>
<status status="PASS" starttime="20191027 13:40:19.902" endtime="20191027 13:40:19.903"></status>
</kw>
<status status="PASS" starttime="20191027 13:40:19.901" endtime="20191027 13:40:19.903"></status>
</kw>
<status status="PASS" starttime="20191027 13:40:06.706" endtime="20191027 13:40:19.903" critical="yes"></status>
</test>
<status status="PASS" starttime="20191027 13:40:06.395" endtime="20191027 13:40:19.914"></status>
</suite>
<statistics>
<total>
<stat pass="1" fail="0">Critical Tests</stat>
<stat pass="1" fail="0">All Tests</stat>
</total>
<tag>
</tag>
<suite>
<stat pass="1" fail="0" id="s1" name="BDD Format Test">BDD Format Test</stat>
</suite>
</statistics>
<errors>
</errors>
</robot>
